Determining if the pthread_create exist failed with the following output:
Change Dir: /home/nathan/ROS_bluerov2_ws/build/bluerov_ros_playground/CMakeFiles/CMakeTmp

Run Build Command:"/usr/bin/make" "cmTC_31362/fast"
/usr/bin/make -f CMakeFiles/cmTC_31362.dir/build.make CMakeFiles/cmTC_31362.dir/build
make[1]: Entering directory '/home/nathan/ROS_bluerov2_ws/build/bluerov_ros_playground/CMakeFiles/CMakeTmp'
Building C object CMakeFiles/cmTC_31362.dir/CheckSymbolExists.c.o
/usr/bin/cc     -o CMakeFiles/cmTC_31362.dir/CheckSymbolExists.c.o   -c /home/nathan/ROS_bluerov2_ws/build/bluerov_ros_playground/CMakeFiles/CMakeTmp/CheckSymbolExists.c
Linking C executable cmTC_31362
/usr/bin/cmake -E cmake_link_script CMakeFiles/cmTC_31362.dir/link.txt --verbose=1
/usr/bin/cc       CMakeFiles/cmTC_31362.dir/CheckSymbolExists.c.o  -o cmTC_31362 -rdynamic 
CMakeFiles/cmTC_31362.dir/CheckSymbolExists.c.o: In function `main':
CheckSymbolExists.c:(.text+0x16): undefined reference to `pthread_create'
collect2: error: ld returned 1 exit status
CMakeFiles/cmTC_31362.dir/build.make:97: recipe for target 'cmTC_31362' failed
make[1]: *** [cmTC_31362] Error 1
make[1]: Leaving directory '/home/nathan/ROS_bluerov2_ws/build/bluerov_ros_playground/CMakeFiles/CMakeTmp'
Makefile:126: recipe for target 'cmTC_31362/fast' failed
make: *** [cmTC_31362/fast] Error 2

File /home/nathan/ROS_bluerov2_ws/build/bluerov_ros_playground/CMakeFiles/CMakeTmp/CheckSymbolExists.c:
/* */
#include <pthread.h>

int main(int argc, char** argv)
{
  (void)argv;
#ifndef pthread_create
  return ((int*)(&pthread_create))[argc];
#else
  (void)argc;
  return 0;
#endif
}

Determining if the function pthread_create exists in the pthreads failed with the following output:
Change Dir: /home/nathan/ROS_bluerov2_ws/build/bluerov_ros_playground/CMakeFiles/CMakeTmp

Run Build Command:"/usr/bin/make" "cmTC_55e1c/fast"
/usr/bin/make -f CMakeFiles/cmTC_55e1c.dir/build.make CMakeFiles/cmTC_55e1c.dir/build
make[1]: Entering directory '/home/nathan/ROS_bluerov2_ws/build/bluerov_ros_playground/CMakeFiles/CMakeTmp'
Building C object CMakeFiles/cmTC_55e1c.dir/CheckFunctionExists.c.o
/usr/bin/cc    -DCHECK_FUNCTION_EXISTS=pthread_create   -o CMakeFiles/cmTC_55e1c.dir/CheckFunctionExists.c.o   -c /usr/share/cmake-3.5/Modules/CheckFunctionExists.c
Linking C executable cmTC_55e1c
/usr/bin/cmake -E cmake_link_script CMakeFiles/cmTC_55e1c.dir/link.txt --verbose=1
/usr/bin/cc   -DCHECK_FUNCTION_EXISTS=pthread_create    CMakeFiles/cmTC_55e1c.dir/CheckFunctionExists.c.o  -o cmTC_55e1c -rdynamic -lpthreads 
/usr/bin/ld: cannot find -lpthreads
collect2: error: ld returned 1 exit status
CMakeFiles/cmTC_55e1c.dir/build.make:97: recipe for target 'cmTC_55e1c' failed
make[1]: *** [cmTC_55e1c] Error 1
make[1]: Leaving directory '/home/nathan/ROS_bluerov2_ws/build/bluerov_ros_playground/CMakeFiles/CMakeTmp'
Makefile:126: recipe for target 'cmTC_55e1c/fast' failed
make: *** [cmTC_55e1c/fast] Error 2


