Determining if the pthread_create exist failed with the following output:
Change Dir: /home/nathan/ROS_bluerov2_ws/build/libmavconn/CMakeFiles/CMakeTmp

Run Build Command:"/usr/bin/make" "cmTC_c09bd/fast"
/usr/bin/make -f CMakeFiles/cmTC_c09bd.dir/build.make CMakeFiles/cmTC_c09bd.dir/build
make[1]: Entering directory '/home/nathan/ROS_bluerov2_ws/build/libmavconn/CMakeFiles/CMakeTmp'
Building C object CMakeFiles/cmTC_c09bd.dir/CheckSymbolExists.c.o
/usr/bin/cc     -o CMakeFiles/cmTC_c09bd.dir/CheckSymbolExists.c.o   -c /home/nathan/ROS_bluerov2_ws/build/libmavconn/CMakeFiles/CMakeTmp/CheckSymbolExists.c
Linking C executable cmTC_c09bd
/usr/bin/cmake -E cmake_link_script CMakeFiles/cmTC_c09bd.dir/link.txt --verbose=1
/usr/bin/cc       CMakeFiles/cmTC_c09bd.dir/CheckSymbolExists.c.o  -o cmTC_c09bd -rdynamic 
CMakeFiles/cmTC_c09bd.dir/CheckSymbolExists.c.o: In function `main':
CheckSymbolExists.c:(.text+0x16): undefined reference to `pthread_create'
collect2: error: ld returned 1 exit status
CMakeFiles/cmTC_c09bd.dir/build.make:97: recipe for target 'cmTC_c09bd' failed
make[1]: *** [cmTC_c09bd] Error 1
make[1]: Leaving directory '/home/nathan/ROS_bluerov2_ws/build/libmavconn/CMakeFiles/CMakeTmp'
Makefile:126: recipe for target 'cmTC_c09bd/fast' failed
make: *** [cmTC_c09bd/fast] Error 2

File /home/nathan/ROS_bluerov2_ws/build/libmavconn/CMakeFiles/CMakeTmp/CheckSymbolExists.c:
/* */
#include <pthread.h>

int main(int argc, char** argv)
{
  (void)argv;
#ifndef pthread_create
  return ((int*)(&pthread_create))[argc];
#else
  (void)argc;
  return 0;
#endif
}

Determining if the function pthread_create exists in the pthreads failed with the following output:
Change Dir: /home/nathan/ROS_bluerov2_ws/build/libmavconn/CMakeFiles/CMakeTmp

Run Build Command:"/usr/bin/make" "cmTC_bcd20/fast"
/usr/bin/make -f CMakeFiles/cmTC_bcd20.dir/build.make CMakeFiles/cmTC_bcd20.dir/build
make[1]: Entering directory '/home/nathan/ROS_bluerov2_ws/build/libmavconn/CMakeFiles/CMakeTmp'
Building C object CMakeFiles/cmTC_bcd20.dir/CheckFunctionExists.c.o
/usr/bin/cc    -DCHECK_FUNCTION_EXISTS=pthread_create   -o CMakeFiles/cmTC_bcd20.dir/CheckFunctionExists.c.o   -c /usr/share/cmake-3.5/Modules/CheckFunctionExists.c
Linking C executable cmTC_bcd20
/usr/bin/cmake -E cmake_link_script CMakeFiles/cmTC_bcd20.dir/link.txt --verbose=1
/usr/bin/cc   -DCHECK_FUNCTION_EXISTS=pthread_create    CMakeFiles/cmTC_bcd20.dir/CheckFunctionExists.c.o  -o cmTC_bcd20 -rdynamic -lpthreads 
/usr/bin/ld: cannot find -lpthreads
collect2: error: ld returned 1 exit status
CMakeFiles/cmTC_bcd20.dir/build.make:97: recipe for target 'cmTC_bcd20' failed
make[1]: *** [cmTC_bcd20] Error 1
make[1]: Leaving directory '/home/nathan/ROS_bluerov2_ws/build/libmavconn/CMakeFiles/CMakeTmp'
Makefile:126: recipe for target 'cmTC_bcd20/fast' failed
make: *** [cmTC_bcd20/fast] Error 2


