[35m[1mScanning dependencies of target visualization_msgs_generate_messages_nodejs[0m
[35m[1mScanning dependencies of target visualization[0m
[35m[1mScanning dependencies of target sensor_msgs_generate_messages_cpp[0m
[35m[1mScanning dependencies of target visualization_msgs_generate_messages_py[0m
[  0%] Built target visualization_msgs_generate_messages_nodejs
[  0%] Built target sensor_msgs_generate_messages_cpp
[  0%] Built target visualization_msgs_generate_messages_py
[35m[1mScanning dependencies of target visualization_msgs_generate_messages_eus[0m
[35m[1mScanning dependencies of target tf_generate_messages_py[0m
[35m[1mScanning dependencies of target tf_generate_messages_eus[0m
[  4%] [32mBuilding CXX object CMakeFiles/visualization.dir/src/visualization.cpp.o[0m
[  4%] Built target visualization_msgs_generate_messages_eus
[  4%] Built target tf_generate_messages_py
[  4%] Built target tf_generate_messages_eus
[35m[1mScanning dependencies of target tf2_msgs_generate_messages_nodejs[0m
[35m[1mScanning dependencies of target tf2_msgs_generate_messages_lisp[0m
[35m[1mScanning dependencies of target tf2_msgs_generate_messages_eus[0m
[  4%] Built target tf2_msgs_generate_messages_nodejs
[  4%] Built target tf2_msgs_generate_messages_lisp
[  4%] Built target tf2_msgs_generate_messages_eus
[35m[1mScanning dependencies of target tf2_msgs_generate_messages_cpp[0m
[35m[1mScanning dependencies of target actionlib_generate_messages_py[0m
[35m[1mScanning dependencies of target tf2_msgs_generate_messages_py[0m
[  4%] Built target tf2_msgs_generate_messages_cpp
[  4%] Built target actionlib_generate_messages_py
[  4%] Built target tf2_msgs_generate_messages_py
[35m[1mScanning dependencies of target actionlib_msgs_generate_messages_nodejs[0m
[35m[1mScanning dependencies of target actionlib_msgs_generate_messages_lisp[0m
[  4%] Built target actionlib_msgs_generate_messages_nodejs
[35m[1mScanning dependencies of target actionlib_generate_messages_lisp[0m
[  4%] Built target actionlib_msgs_generate_messages_lisp
[35m[1mScanning dependencies of target actionlib_msgs_generate_messages_eus[0m
[  4%] Built target actionlib_generate_messages_lisp
[35m[1mScanning dependencies of target nav_msgs_generate_messages_nodejs[0m
[35m[1mScanning dependencies of target nav_msgs_generate_messages_lisp[0m
[  4%] Built target actionlib_msgs_generate_messages_eus
[  4%] Built target nav_msgs_generate_messages_nodejs
[  4%] Built target nav_msgs_generate_messages_lisp
[35m[1mScanning dependencies of target nav_msgs_generate_messages_eus[0m
[35m[1mScanning dependencies of target actionlib_generate_messages_cpp[0m
[35m[1mScanning dependencies of target sensor_msgs_generate_messages_py[0m
[  4%] Built target nav_msgs_generate_messages_eus
[  4%] Built target actionlib_generate_messages_cpp
[  4%] Built target sensor_msgs_generate_messages_py
[35m[1mScanning dependencies of target sensor_msgs_generate_messages_nodejs[0m
[35m[1mScanning dependencies of target diagnostic_msgs_generate_messages_nodejs[0m
[35m[1mScanning dependencies of target roscpp_generate_messages_eus[0m
[  4%] Built target diagnostic_msgs_generate_messages_nodejs
[  4%] Built target sensor_msgs_generate_messages_nodejs
[35m[1mScanning dependencies of target diagnostic_msgs_generate_messages_lisp[0m
[  4%] Built target roscpp_generate_messages_eus
[35m[1mScanning dependencies of target mavros_msgs_generate_messages_cpp[0m
[35m[1mScanning dependencies of target tf_generate_messages_cpp[0m
[  4%] Built target diagnostic_msgs_generate_messages_lisp
[  4%] Built target mavros_msgs_generate_messages_cpp
[  4%] Built target tf_generate_messages_cpp
[35m[1mScanning dependencies of target diagnostic_msgs_generate_messages_cpp[0m
[35m[1mScanning dependencies of target std_msgs_generate_messages_eus[0m
[35m[1mScanning dependencies of target roscpp_generate_messages_lisp[0m
[  4%] Built target diagnostic_msgs_generate_messages_cpp
[  4%] Built target std_msgs_generate_messages_eus
[  4%] Built target roscpp_generate_messages_lisp
[35m[1mScanning dependencies of target actionlib_msgs_generate_messages_py[0m
[35m[1mScanning dependencies of target geographic_msgs_generate_messages_py[0m
[35m[1mScanning dependencies of target geographic_msgs_generate_messages_cpp[0m
[  4%] Built target actionlib_msgs_generate_messages_py
[  4%] Built target geographic_msgs_generate_messages_cpp
[  4%] Built target geographic_msgs_generate_messages_py
[35m[1mScanning dependencies of target geometry_msgs_generate_messages_nodejs[0m
[35m[1mScanning dependencies of target std_msgs_generate_messages_lisp[0m
[35m[1mScanning dependencies of target uuid_msgs_generate_messages_nodejs[0m
[  4%] Built target geometry_msgs_generate_messages_nodejs
[  4%] Built target uuid_msgs_generate_messages_nodejs
[  4%] Built target std_msgs_generate_messages_lisp
[35m[1mScanning dependencies of target geometry_msgs_generate_messages_lisp[0m
[35m[1mScanning dependencies of target tf_generate_messages_lisp[0m
[35m[1mScanning dependencies of target rosgraph_msgs_generate_messages_lisp[0m
[  4%] Built target geometry_msgs_generate_messages_lisp
[  4%] Built target rosgraph_msgs_generate_messages_lisp
[  4%] Built target tf_generate_messages_lisp
[35m[1mScanning dependencies of target diagnostic_msgs_generate_messages_py[0m
[35m[1mScanning dependencies of target rosgraph_msgs_generate_messages_py[0m
[35m[1mScanning dependencies of target sensor_msgs_generate_messages_lisp[0m
[  4%] Built target diagnostic_msgs_generate_messages_py
[  4%] Built target rosgraph_msgs_generate_messages_py
[  4%] Built target sensor_msgs_generate_messages_lisp
[35m[1mScanning dependencies of target nav_msgs_generate_messages_py[0m
[35m[1mScanning dependencies of target mavros_msgs_generate_messages_lisp[0m
[35m[1mScanning dependencies of target std_msgs_generate_messages_py[0m
[  4%] Built target nav_msgs_generate_messages_py
[  4%] Built target mavros_msgs_generate_messages_lisp
[  4%] Built target std_msgs_generate_messages_py
[35m[1mScanning dependencies of target geometry_msgs_generate_messages_eus[0m
[35m[1mScanning dependencies of target actionlib_generate_messages_nodejs[0m
[35m[1mScanning dependencies of target roscpp_generate_messages_cpp[0m
[  4%] Built target geometry_msgs_generate_messages_eus
[  4%] Built target actionlib_generate_messages_nodejs
[  4%] Built target roscpp_generate_messages_cpp
[35m[1mScanning dependencies of target sensor_msgs_generate_messages_eus[0m
[35m[1mScanning dependencies of target actionlib_msgs_generate_messages_cpp[0m
[35m[1mScanning dependencies of target std_msgs_generate_messages_cpp[0m
[  4%] Built target sensor_msgs_generate_messages_eus
[  4%] Built target actionlib_msgs_generate_messages_cpp
[  4%] Built target std_msgs_generate_messages_cpp
[35m[1mScanning dependencies of target diagnostic_msgs_generate_messages_eus[0m
[35m[1mScanning dependencies of target rosgraph_msgs_generate_messages_cpp[0m
[35m[1mScanning dependencies of target geometry_msgs_generate_messages_cpp[0m
[  4%] Built target rosgraph_msgs_generate_messages_cpp
[  4%] Built target diagnostic_msgs_generate_messages_eus
[  4%] Built target geometry_msgs_generate_messages_cpp
[35m[1mScanning dependencies of target std_msgs_generate_messages_nodejs[0m
[35m[1mScanning dependencies of target geometry_msgs_generate_messages_py[0m
[35m[1mScanning dependencies of target tf_generate_messages_nodejs[0m
[  4%] Built target std_msgs_generate_messages_nodejs
[  4%] Built target geometry_msgs_generate_messages_py
[  4%] Built target tf_generate_messages_nodejs
[35m[1mScanning dependencies of target rosgraph_msgs_generate_messages_eus[0m
[35m[1mScanning dependencies of target roscpp_generate_messages_py[0m
[35m[1mScanning dependencies of target rosgraph_msgs_generate_messages_nodejs[0m
[  4%] Built target rosgraph_msgs_generate_messages_eus
[  4%] Built target rosgraph_msgs_generate_messages_nodejs
[  4%] Built target roscpp_generate_messages_py
[35m[1mScanning dependencies of target geographic_msgs_generate_messages_eus[0m
[35m[1mScanning dependencies of target mavros_msgs_generate_messages_nodejs[0m
[35m[1mScanning dependencies of target geographic_msgs_generate_messages_lisp[0m
[  4%] Built target geographic_msgs_generate_messages_eus
[  4%] Built target mavros_msgs_generate_messages_nodejs
[  4%] Built target geographic_msgs_generate_messages_lisp
[35m[1mScanning dependencies of target nav_msgs_generate_messages_cpp[0m
[35m[1mScanning dependencies of target visualization_msgs_generate_messages_cpp[0m
[35m[1mScanning dependencies of target geographic_msgs_generate_messages_nodejs[0m
[  4%] Built target visualization_msgs_generate_messages_cpp
[  4%] Built target nav_msgs_generate_messages_cpp
[  4%] Built target geographic_msgs_generate_messages_nodejs
[35m[1mScanning dependencies of target actionlib_generate_messages_eus[0m
[35m[1mScanning dependencies of target uuid_msgs_generate_messages_eus[0m
[35m[1mScanning dependencies of target uuid_msgs_generate_messages_cpp[0m
[  4%] Built target uuid_msgs_generate_messages_eus
[  4%] Built target actionlib_generate_messages_eus
[  4%] Built target uuid_msgs_generate_messages_cpp
[35m[1mScanning dependencies of target uuid_msgs_generate_messages_lisp[0m
[35m[1mScanning dependencies of target visualization_msgs_generate_messages_lisp[0m
[35m[1mScanning dependencies of target uuid_msgs_generate_messages_py[0m
[  4%] Built target uuid_msgs_generate_messages_lisp
[  4%] Built target visualization_msgs_generate_messages_lisp
[  4%] Built target uuid_msgs_generate_messages_py
[35m[1mScanning dependencies of target mavros_msgs_generate_messages_eus[0m
[35m[1mScanning dependencies of target roscpp_generate_messages_nodejs[0m
[35m[1mScanning dependencies of target mavros_msgs_generate_messages_py[0m
[  4%] Built target mavros_msgs_generate_messages_eus
[  4%] Built target mavros_msgs_generate_messages_py
[  4%] Built target roscpp_generate_messages_nodejs
[35m[1mScanning dependencies of target servo_state_publisher[0m
[35m[1mScanning dependencies of target mavros_extras[0m
[  8%] [32mBuilding CXX object CMakeFiles/servo_state_publisher.dir/src/servo_state_publisher.cpp.o[0m
[ 12%] [32mBuilding CXX object CMakeFiles/mavros_extras.dir/src/plugins/adsb.cpp.o[0m
[ 16%] [32mBuilding CXX object CMakeFiles/mavros_extras.dir/src/plugins/cam_imu_sync.cpp.o[0m
[ 20%] [32m[1mLinking CXX executable /home/nathan/ROS_bluerov2_ws/devel/.private/mavros_extras/lib/mavros_extras/servo_state_publisher[0m
[ 20%] Built target servo_state_publisher
[ 25%] [32mBuilding CXX object CMakeFiles/mavros_extras.dir/src/plugins/companion_process_status.cpp.o[0m
[ 29%] [32m[1mLinking CXX executable /home/nathan/ROS_bluerov2_ws/devel/.private/mavros_extras/lib/mavros_extras/visualization[0m
[ 29%] Built target visualization
[ 33%] [32mBuilding CXX object CMakeFiles/mavros_extras.dir/src/plugins/debug_value.cpp.o[0m
[ 37%] [32mBuilding CXX object CMakeFiles/mavros_extras.dir/src/plugins/distance_sensor.cpp.o[0m
[ 41%] [32mBuilding CXX object CMakeFiles/mavros_extras.dir/src/plugins/fake_gps.cpp.o[0m
[ 45%] [32mBuilding CXX object CMakeFiles/mavros_extras.dir/src/plugins/gps_rtk.cpp.o[0m
[ 50%] [32mBuilding CXX object CMakeFiles/mavros_extras.dir/src/plugins/landing_target.cpp.o[0m
[ 54%] [32mBuilding CXX object CMakeFiles/mavros_extras.dir/src/plugins/log_transfer.cpp.o[0m
[ 58%] [32mBuilding CXX object CMakeFiles/mavros_extras.dir/src/plugins/mocap_pose_estimate.cpp.o[0m
[ 62%] [32mBuilding CXX object CMakeFiles/mavros_extras.dir/src/plugins/obstacle_distance.cpp.o[0m
[ 66%] [32mBuilding CXX object CMakeFiles/mavros_extras.dir/src/plugins/odom.cpp.o[0m
[ 70%] [32mBuilding CXX object CMakeFiles/mavros_extras.dir/src/plugins/px4flow.cpp.o[0m
[ 75%] [32mBuilding CXX object CMakeFiles/mavros_extras.dir/src/plugins/rangefinder.cpp.o[0m
[ 79%] [32mBuilding CXX object CMakeFiles/mavros_extras.dir/src/plugins/trajectory.cpp.o[0m
[ 83%] [32mBuilding CXX object CMakeFiles/mavros_extras.dir/src/plugins/vibration.cpp.o[0m
[ 87%] [32mBuilding CXX object CMakeFiles/mavros_extras.dir/src/plugins/vision_pose_estimate.cpp.o[0m
[ 91%] [32mBuilding CXX object CMakeFiles/mavros_extras.dir/src/plugins/vision_speed_estimate.cpp.o[0m
[ 95%] [32mBuilding CXX object CMakeFiles/mavros_extras.dir/src/plugins/wheel_odometry.cpp.o[0m
[100%] [32m[1mLinking CXX shared library /home/nathan/ROS_bluerov2_ws/devel/.private/mavros_extras/lib/libmavros_extras.so[0m
[100%] Built target mavros_extras
