Determining if the pthread_create exist failed with the following output:
Change Dir: /home/nathan/ROS_bluerov2_ws/build/mavros_msgs/CMakeFiles/CMakeTmp

Run Build Command:"/usr/bin/make" "cmTC_d76fa/fast"
/usr/bin/make -f CMakeFiles/cmTC_d76fa.dir/build.make CMakeFiles/cmTC_d76fa.dir/build
make[1]: Entering directory '/home/nathan/ROS_bluerov2_ws/build/mavros_msgs/CMakeFiles/CMakeTmp'
Building C object CMakeFiles/cmTC_d76fa.dir/CheckSymbolExists.c.o
/usr/bin/cc     -o CMakeFiles/cmTC_d76fa.dir/CheckSymbolExists.c.o   -c /home/nathan/ROS_bluerov2_ws/build/mavros_msgs/CMakeFiles/CMakeTmp/CheckSymbolExists.c
Linking C executable cmTC_d76fa
/usr/bin/cmake -E cmake_link_script CMakeFiles/cmTC_d76fa.dir/link.txt --verbose=1
/usr/bin/cc       CMakeFiles/cmTC_d76fa.dir/CheckSymbolExists.c.o  -o cmTC_d76fa -rdynamic 
CMakeFiles/cmTC_d76fa.dir/CheckSymbolExists.c.o: In function `main':
CheckSymbolExists.c:(.text+0x16): undefined reference to `pthread_create'
collect2: error: ld returned 1 exit status
CMakeFiles/cmTC_d76fa.dir/build.make:97: recipe for target 'cmTC_d76fa' failed
make[1]: *** [cmTC_d76fa] Error 1
make[1]: Leaving directory '/home/nathan/ROS_bluerov2_ws/build/mavros_msgs/CMakeFiles/CMakeTmp'
Makefile:126: recipe for target 'cmTC_d76fa/fast' failed
make: *** [cmTC_d76fa/fast] Error 2

File /home/nathan/ROS_bluerov2_ws/build/mavros_msgs/CMakeFiles/CMakeTmp/CheckSymbolExists.c:
/* */
#include <pthread.h>

int main(int argc, char** argv)
{
  (void)argv;
#ifndef pthread_create
  return ((int*)(&pthread_create))[argc];
#else
  (void)argc;
  return 0;
#endif
}

Determining if the function pthread_create exists in the pthreads failed with the following output:
Change Dir: /home/nathan/ROS_bluerov2_ws/build/mavros_msgs/CMakeFiles/CMakeTmp

Run Build Command:"/usr/bin/make" "cmTC_366ec/fast"
/usr/bin/make -f CMakeFiles/cmTC_366ec.dir/build.make CMakeFiles/cmTC_366ec.dir/build
make[1]: Entering directory '/home/nathan/ROS_bluerov2_ws/build/mavros_msgs/CMakeFiles/CMakeTmp'
Building C object CMakeFiles/cmTC_366ec.dir/CheckFunctionExists.c.o
/usr/bin/cc    -DCHECK_FUNCTION_EXISTS=pthread_create   -o CMakeFiles/cmTC_366ec.dir/CheckFunctionExists.c.o   -c /usr/share/cmake-3.5/Modules/CheckFunctionExists.c
Linking C executable cmTC_366ec
/usr/bin/cmake -E cmake_link_script CMakeFiles/cmTC_366ec.dir/link.txt --verbose=1
/usr/bin/cc   -DCHECK_FUNCTION_EXISTS=pthread_create    CMakeFiles/cmTC_366ec.dir/CheckFunctionExists.c.o  -o cmTC_366ec -rdynamic -lpthreads 
/usr/bin/ld: cannot find -lpthreads
collect2: error: ld returned 1 exit status
CMakeFiles/cmTC_366ec.dir/build.make:97: recipe for target 'cmTC_366ec' failed
make[1]: *** [cmTC_366ec] Error 1
make[1]: Leaving directory '/home/nathan/ROS_bluerov2_ws/build/mavros_msgs/CMakeFiles/CMakeTmp'
Makefile:126: recipe for target 'cmTC_366ec/fast' failed
make: *** [cmTC_366ec/fast] Error 2


